[0m15:56:54.406358 [debug] [MainThread]: Sending event: {'category': 'dbt', 'action': 'invocation', 'label': 'start', 'context': [<snowplow_tracker.self_describing_json.SelfDescribingJson object at 0x10eb74c10>, <snowplow_tracker.self_describing_json.SelfDescribingJson object at 0x10eb77890>, <snowplow_tracker.self_describing_json.SelfDescribingJson object at 0x10eb85250>]}


============================== 15:56:54.411204 | 6ced0fec-315a-421e-85ee-a00a17faba93 ==============================
[0m15:56:54.411204 [info ] [MainThread]: Running with dbt=1.7.6
[0m15:56:54.411713 [debug] [MainThread]: running dbt with arguments {'printer_width': '80', 'indirect_selection': 'eager', 'log_cache_events': 'False', 'write_json': 'True', 'partial_parse': 'True', 'cache_selected_only': 'False', 'warn_error': 'None', 'debug': 'False', 'fail_fast': 'False', 'log_path': 'logs', 'version_check': 'True', 'profiles_dir': '/Users/nevenkalukic/.dbt', 'use_colors': 'True', 'use_experimental_parser': 'False', 'no_print': 'None', 'quiet': 'False', 'warn_error_options': 'WarnErrorOptions(include=[], exclude=[])', 'introspect': 'True', 'static_parser': 'True', 'log_format': 'default', 'target_path': 'None', 'invocation_command': 'dbt init ny_taxi', 'send_anonymous_usage_stats': 'True'}
[0m15:56:54.412680 [debug] [MainThread]: Starter project path: /usr/local/lib/python3.11/site-packages/dbt/include/starter_project
[0m15:56:54.420311 [info ] [MainThread]: 
Your new dbt project "ny_taxi" was created!

For more information on how to configure the profiles.yml file,
please consult the dbt documentation here:

  https://docs.getdbt.com/docs/configure-your-profile

One more thing:

Need help? Don't hesitate to reach out to us via GitHub issues or on Slack:

  https://community.getdbt.com/

Happy modeling!

[0m15:56:54.420742 [info ] [MainThread]: Setting up your profile.
[0m15:58:36.514817 [info ] [MainThread]: Profile ny_taxi written to /Users/nevenkalukic/.dbt/profiles.yml using target's profile_template.yml and your supplied values. Run 'dbt debug' to validate the connection.
[0m15:58:36.527822 [debug] [MainThread]: Resource report: {"command_name": "init", "command_success": true, "command_wall_clock_time": 102.18002, "process_user_time": 1.394347, "process_kernel_time": 0.222715, "process_mem_max_rss": "118001664", "process_in_blocks": "0", "process_out_blocks": "0"}
[0m15:58:36.529216 [debug] [MainThread]: Command `dbt init` succeeded at 15:58:36.528914 after 102.18 seconds
[0m15:58:36.530246 [debug] [MainThread]: Sending event: {'category': 'dbt', 'action': 'invocation', 'label': 'end', 'context': [<snowplow_tracker.self_describing_json.SelfDescribingJson object at 0x10eb3f490>, <snowplow_tracker.self_describing_json.SelfDescribingJson object at 0x10eb86e10>, <snowplow_tracker.self_describing_json.SelfDescribingJson object at 0x1096e9ed0>]}
[0m15:58:36.531030 [debug] [MainThread]: Flushing usage events
[0m16:02:28.450435 [debug] [MainThread]: Sending event: {'category': 'dbt', 'action': 'invocation', 'label': 'start', 'context': [<snowplow_tracker.self_describing_json.SelfDescribingJson object at 0x1102ecf10>, <snowplow_tracker.self_describing_json.SelfDescribingJson object at 0x1102fcc10>, <snowplow_tracker.self_describing_json.SelfDescribingJson object at 0x1102fd310>]}


============================== 16:02:28.455220 | be2a4fec-ac00-4154-8609-1bcdf5dfa943 ==============================
[0m16:02:28.455220 [info ] [MainThread]: Running with dbt=1.7.6
[0m16:02:28.455732 [debug] [MainThread]: running dbt with arguments {'printer_width': '80', 'indirect_selection': 'eager', 'log_cache_events': 'False', 'write_json': 'True', 'partial_parse': 'True', 'cache_selected_only': 'False', 'profiles_dir': '/Users/nevenkalukic/.dbt', 'version_check': 'True', 'warn_error': 'None', 'log_path': 'logs', 'fail_fast': 'False', 'debug': 'False', 'use_colors': 'True', 'use_experimental_parser': 'False', 'no_print': 'None', 'quiet': 'False', 'log_format': 'default', 'static_parser': 'True', 'introspect': 'True', 'invocation_command': 'dbt debug', 'target_path': 'None', 'warn_error_options': 'WarnErrorOptions(include=[], exclude=[])', 'send_anonymous_usage_stats': 'True'}
[0m16:02:28.456384 [info ] [MainThread]: dbt version: 1.7.6
[0m16:02:28.456663 [info ] [MainThread]: python version: 3.11.7
[0m16:02:28.456931 [info ] [MainThread]: python path: /usr/local/opt/python@3.11/bin/python3.11
[0m16:02:28.457180 [info ] [MainThread]: os info: macOS-14.2.1-x86_64-i386-64bit
[0m16:02:28.803039 [info ] [MainThread]: Using profiles dir at /Users/nevenkalukic/.dbt
[0m16:02:28.803490 [info ] [MainThread]: Using profiles.yml file at /Users/nevenkalukic/.dbt/profiles.yml
[0m16:02:28.803747 [info ] [MainThread]: Using dbt_project.yml file at /Users/nevenkalukic/code/ny-taxi-dbt/dbt_project.yml
[0m16:02:28.804065 [error] [MainThread]: Encountered an error:
Internal Error
  Profile should not be None if loading profile completed
[0m16:02:28.807084 [debug] [MainThread]: Resource report: {"command_name": "debug", "command_wall_clock_time": 0.41706595, "process_user_time": 1.411425, "process_kernel_time": 0.196944, "process_mem_max_rss": "125534208", "command_success": false, "process_in_blocks": "0", "process_out_blocks": "0"}
[0m16:02:28.807706 [debug] [MainThread]: Command `dbt debug` failed at 16:02:28.807564 after 0.42 seconds
[0m16:02:28.808055 [debug] [MainThread]: Sending event: {'category': 'dbt', 'action': 'invocation', 'label': 'end', 'context': [<snowplow_tracker.self_describing_json.SelfDescribingJson object at 0x1102fd610>, <snowplow_tracker.self_describing_json.SelfDescribingJson object at 0x1102fd650>, <snowplow_tracker.self_describing_json.SelfDescribingJson object at 0x10ae9bed0>]}
[0m16:02:28.808409 [debug] [MainThread]: Flushing usage events
[0m16:19:21.791440 [debug] [MainThread]: Sending event: {'category': 'dbt', 'action': 'invocation', 'label': 'start', 'context': [<snowplow_tracker.self_describing_json.SelfDescribingJson object at 0x111d6d250>, <snowplow_tracker.self_describing_json.SelfDescribingJson object at 0x111d429d0>, <snowplow_tracker.self_describing_json.SelfDescribingJson object at 0x111d43fd0>]}


============================== 16:19:21.796028 | 31ca8078-52a3-4f16-b05f-7300975cbf1d ==============================
[0m16:19:21.796028 [info ] [MainThread]: Running with dbt=1.7.6
[0m16:19:21.796522 [debug] [MainThread]: running dbt with arguments {'printer_width': '80', 'indirect_selection': 'eager', 'write_json': 'True', 'log_cache_events': 'False', 'partial_parse': 'True', 'cache_selected_only': 'False', 'profiles_dir': '/Users/nevenkalukic/.dbt', 'version_check': 'True', 'warn_error': 'None', 'log_path': 'logs', 'fail_fast': 'False', 'debug': 'False', 'use_colors': 'True', 'use_experimental_parser': 'False', 'no_print': 'None', 'quiet': 'False', 'warn_error_options': 'WarnErrorOptions(include=[], exclude=[])', 'invocation_command': 'dbt debug', 'introspect': 'True', 'static_parser': 'True', 'target_path': 'None', 'log_format': 'default', 'send_anonymous_usage_stats': 'True'}
[0m16:19:21.797128 [info ] [MainThread]: dbt version: 1.7.6
[0m16:19:21.797412 [info ] [MainThread]: python version: 3.11.7
[0m16:19:21.797681 [info ] [MainThread]: python path: /usr/local/opt/python@3.11/bin/python3.11
[0m16:19:21.797930 [info ] [MainThread]: os info: macOS-14.2.1-x86_64-i386-64bit
[0m16:19:22.146231 [info ] [MainThread]: Using profiles dir at /Users/nevenkalukic/.dbt
[0m16:19:22.146637 [info ] [MainThread]: Using profiles.yml file at /Users/nevenkalukic/.dbt/profiles.yml
[0m16:19:22.146984 [info ] [MainThread]: Using dbt_project.yml file at /Users/nevenkalukic/code/ny-taxi-dbt/dbt_project.yml
[0m16:19:22.147518 [error] [MainThread]: Encountered an error:
Internal Error
  Profile should not be None if loading profile completed
[0m16:19:22.150454 [debug] [MainThread]: Resource report: {"command_name": "debug", "command_wall_clock_time": 0.4158178, "process_user_time": 1.420482, "process_kernel_time": 0.192749, "process_mem_max_rss": "127229952", "command_success": false, "process_in_blocks": "0", "process_out_blocks": "0"}
[0m16:19:22.151111 [debug] [MainThread]: Command `dbt debug` failed at 16:19:22.150963 after 0.42 seconds
[0m16:19:22.151471 [debug] [MainThread]: Sending event: {'category': 'dbt', 'action': 'invocation', 'label': 'end', 'context': [<snowplow_tracker.self_describing_json.SelfDescribingJson object at 0x111d7d6d0>, <snowplow_tracker.self_describing_json.SelfDescribingJson object at 0x111d7d690>, <snowplow_tracker.self_describing_json.SelfDescribingJson object at 0x111d7d150>]}
[0m16:19:22.151803 [debug] [MainThread]: Flushing usage events
[0m16:21:24.520444 [debug] [MainThread]: Sending event: {'category': 'dbt', 'action': 'invocation', 'label': 'start', 'context': [<snowplow_tracker.self_describing_json.SelfDescribingJson object at 0x112144510>, <snowplow_tracker.self_describing_json.SelfDescribingJson object at 0x112147cd0>, <snowplow_tracker.self_describing_json.SelfDescribingJson object at 0x11215cc90>]}


============================== 16:21:24.525444 | 300facbc-8780-4f1f-84d7-6a4d918c7ecf ==============================
[0m16:21:24.525444 [info ] [MainThread]: Running with dbt=1.7.6
[0m16:21:24.525971 [debug] [MainThread]: running dbt with arguments {'printer_width': '80', 'indirect_selection': 'eager', 'log_cache_events': 'False', 'write_json': 'True', 'partial_parse': 'True', 'cache_selected_only': 'False', 'warn_error': 'None', 'fail_fast': 'False', 'debug': 'False', 'log_path': 'logs', 'version_check': 'True', 'profiles_dir': '/Users/nevenkalukic/.dbt', 'use_colors': 'True', 'use_experimental_parser': 'False', 'no_print': 'None', 'quiet': 'False', 'log_format': 'default', 'invocation_command': 'dbt debug', 'static_parser': 'True', 'warn_error_options': 'WarnErrorOptions(include=[], exclude=[])', 'target_path': 'None', 'introspect': 'True', 'send_anonymous_usage_stats': 'True'}
[0m16:21:24.526608 [info ] [MainThread]: dbt version: 1.7.6
[0m16:21:24.526897 [info ] [MainThread]: python version: 3.11.7
[0m16:21:24.527177 [info ] [MainThread]: python path: /usr/local/opt/python@3.11/bin/python3.11
[0m16:21:24.527435 [info ] [MainThread]: os info: macOS-14.2.1-x86_64-i386-64bit
[0m16:21:24.871905 [info ] [MainThread]: Using profiles dir at /Users/nevenkalukic/.dbt
[0m16:21:24.872314 [info ] [MainThread]: Using profiles.yml file at /Users/nevenkalukic/.dbt/profiles.yml
[0m16:21:24.872589 [info ] [MainThread]: Using dbt_project.yml file at /Users/nevenkalukic/code/ny-taxi-dbt/dbt_project.yml
[0m16:21:24.873229 [info ] [MainThread]: adapter type: bigquery
[0m16:21:24.873494 [info ] [MainThread]: adapter version: 1.7.3
[0m16:21:24.873757 [info ] [MainThread]: Configuration:
[0m16:21:24.874002 [info ] [MainThread]:   profiles.yml file [[32mOK found and valid[0m]
[0m16:21:24.874246 [info ] [MainThread]:   dbt_project.yml file [[31mERROR not found[0m]
[0m16:21:24.874490 [info ] [MainThread]: Required dependencies:
[0m16:21:24.874795 [debug] [MainThread]: Executing "git --help"
[0m16:21:24.907211 [debug] [MainThread]: STDOUT: "b"usage: git [-v | --version] [-h | --help] [-C <path>] [-c <name>=<value>]\n           [--exec-path[=<path>]] [--html-path] [--man-path] [--info-path]\n           [-p | --paginate | -P | --no-pager] [--no-replace-objects] [--bare]\n           [--git-dir=<path>] [--work-tree=<path>] [--namespace=<name>]\n           [--super-prefix=<path>] [--config-env=<name>=<envvar>]\n           <command> [<args>]\n\nThese are common Git commands used in various situations:\n\nstart a working area (see also: git help tutorial)\n   clone     Clone a repository into a new directory\n   init      Create an empty Git repository or reinitialize an existing one\n\nwork on the current change (see also: git help everyday)\n   add       Add file contents to the index\n   mv        Move or rename a file, a directory, or a symlink\n   restore   Restore working tree files\n   rm        Remove files from the working tree and from the index\n\nexamine the history and state (see also: git help revisions)\n   bisect    Use binary search to find the commit that introduced a bug\n   diff      Show changes between commits, commit and working tree, etc\n   grep      Print lines matching a pattern\n   log       Show commit logs\n   show      Show various types of objects\n   status    Show the working tree status\n\ngrow, mark and tweak your common history\n   branch    List, create, or delete branches\n   commit    Record changes to the repository\n   merge     Join two or more development histories together\n   rebase    Reapply commits on top of another base tip\n   reset     Reset current HEAD to the specified state\n   switch    Switch branches\n   tag       Create, list, delete or verify a tag object signed with GPG\n\ncollaborate (see also: git help workflows)\n   fetch     Download objects and refs from another repository\n   pull      Fetch from and integrate with another repository or a local branch\n   push      Update remote refs along with associated objects\n\n'git help -a' and 'git help -g' list available subcommands and some\nconcept guides. See 'git help <command>' or 'git help <concept>'\nto read about a specific subcommand or concept.\nSee 'git help git' for an overview of the system.\n""
[0m16:21:24.908072 [debug] [MainThread]: STDERR: "b''"
[0m16:21:24.908398 [info ] [MainThread]:  - git [[32mOK found[0m]

[0m16:21:24.908683 [info ] [MainThread]: Connection:
[0m16:21:24.909107 [info ] [MainThread]:   method: service-account
[0m16:21:24.909357 [info ] [MainThread]:   database: terraform-de-411309
[0m16:21:24.909590 [info ] [MainThread]:   execution_project: terraform-de-411309
[0m16:21:24.909825 [info ] [MainThread]:   schema: ny_taxi_dataset
[0m16:21:24.910057 [info ] [MainThread]:   location: EU
[0m16:21:24.910284 [info ] [MainThread]:   priority: interactive
[0m16:21:24.910521 [info ] [MainThread]:   maximum_bytes_billed: None
[0m16:21:24.910758 [info ] [MainThread]:   impersonate_service_account: None
[0m16:21:24.910980 [info ] [MainThread]:   job_retry_deadline_seconds: None
[0m16:21:24.911206 [info ] [MainThread]:   job_retries: 1
[0m16:21:24.911430 [info ] [MainThread]:   job_creation_timeout_seconds: None
[0m16:21:24.911646 [info ] [MainThread]:   job_execution_timeout_seconds: 300
[0m16:21:24.911875 [info ] [MainThread]:   keyfile: /Users/nevenkalukic/code/keys/terraform-de-411309-958081ebedb4.json
[0m16:21:24.912102 [info ] [MainThread]:   timeout_seconds: 300
[0m16:21:24.912325 [info ] [MainThread]:   refresh_token: None
[0m16:21:24.912544 [info ] [MainThread]:   client_id: None
[0m16:21:24.912761 [info ] [MainThread]:   token_uri: None
[0m16:21:24.912984 [info ] [MainThread]:   dataproc_region: None
[0m16:21:24.913200 [info ] [MainThread]:   dataproc_cluster_name: None
[0m16:21:24.913439 [info ] [MainThread]:   gcs_bucket: None
[0m16:21:24.913664 [info ] [MainThread]:   dataproc_batch: None
[0m16:21:24.914133 [info ] [MainThread]: Registered adapter: bigquery=1.7.3
[0m16:21:24.924531 [debug] [MainThread]: Acquiring new bigquery connection 'debug'
[0m16:21:24.925514 [debug] [MainThread]: Opening a new connection, currently in state init
[0m16:21:24.928712 [debug] [MainThread]: On debug: select 1 as id
[0m16:21:25.707196 [debug] [MainThread]: BigQuery adapter: https://console.cloud.google.com/bigquery?project=terraform-de-411309&j=bq:EU:ca188f4d-bd04-4309-aba4-69b685daa487&page=queryresults
[0m16:21:26.109297 [info ] [MainThread]:   Connection test: [[32mOK connection ok[0m]

[0m16:21:26.110554 [info ] [MainThread]: [31m1 check failed:[0m
[0m16:21:26.111261 [info ] [MainThread]: Project loading failed for the following reason:
 project path </Users/nevenkalukic/code/ny-taxi-dbt/dbt_project.yml> not found

[0m16:21:26.114443 [debug] [MainThread]: Resource report: {"command_name": "debug", "command_wall_clock_time": 1.6529717, "process_user_time": 1.538614, "process_kernel_time": 0.222618, "process_mem_max_rss": "130899968", "command_success": false, "process_in_blocks": "0", "process_out_blocks": "0"}
[0m16:21:26.115213 [debug] [MainThread]: Command `dbt debug` failed at 16:21:26.115057 after 1.65 seconds
[0m16:21:26.115623 [debug] [MainThread]: Connection 'debug' was properly closed.
[0m16:21:26.115945 [debug] [MainThread]: Sending event: {'category': 'dbt', 'action': 'invocation', 'label': 'end', 'context': [<snowplow_tracker.self_describing_json.SelfDescribingJson object at 0x11215cc90>, <snowplow_tracker.self_describing_json.SelfDescribingJson object at 0x11215c650>, <snowplow_tracker.self_describing_json.SelfDescribingJson object at 0x112118c10>]}
[0m16:21:26.116335 [debug] [MainThread]: Flushing usage events
